<?xml version="1.0" encoding="UTF-8"?>
<testsuite xmlns:xsi="http://www.w3.org/2001/XMLSchema-instance" xsi:noNamespaceSchemaLocation="https://maven.apache.org/surefire/maven-surefire-plugin/xsd/surefire-test-report.xsd" name="training.weather.resources.MetaWeatherClientTest" time="3.315" tests="4" errors="0" skipped="0" failures="0">
  <properties>
[...]
</properties>
  <testcase name="getLocationSearchWithoutParametersException" classname="training.weather.resources.MetaWeatherClientTest" time="0.612"/>
  <testcase name="getLocationSearch_Ok" classname="training.weather.resources.MetaWeatherClientTest" time="0.163"/>
  <testcase name="getLocationByCityIdAndDate_Ok" classname="training.weather.resources.MetaWeatherClientTest" time="1.637"/>
  <testcase name="getLocationByCityId_Ok" classname="training.weather.resources.MetaWeatherClientTest" time="0.392"/>
</testsuite>